2020-07-14 21:13:01.876  INFO 22904 --- [restartedMain] c.itpro.community.CommunityApplication   : Starting CommunityApplication on DESKTOP-GU7QC7Q with PID 22904 (D:\studying\Idea WorkSpace\community\target\classes started by HP in D:\studying\Idea WorkSpace\community)
2020-07-14 21:13:01.881  INFO 22904 --- [restartedMain] c.itpro.community.CommunityApplication   : No active profile set, falling back to default profiles: default
2020-07-14 21:13:02.047  INFO 22904 --- [restartedMain] .e.DevToolsPropertyDefaultsPostProcessor : Devtools property defaults active! Set 'spring.devtools.add-properties' to 'false' to disable
2020-07-14 21:13:02.048  INFO 22904 --- [restartedMain] .e.DevToolsPropertyDefaultsPostProcessor : For additional web related logging consider setting the 'logging.level.web' property to 'DEBUG'
2020-07-14 21:13:04.135  INFO 22904 --- [restartedMain] o.s.b.w.embedded.tomcat.TomcatWebServer  : Tomcat initialized with port(s): 5200 (http)
2020-07-14 21:13:04.148  INFO 22904 --- [restartedMain] o.apache.catalina.core.StandardService   : Starting service [Tomcat]
2020-07-14 21:13:04.148  INFO 22904 --- [restartedMain] org.apache.catalina.core.StandardEngine  : Starting Servlet engine: [Apache Tomcat/9.0.36]
2020-07-14 21:13:04.275  INFO 22904 --- [restartedMain] o.a.c.c.C.[Tomcat].[localhost].[/]       : Initializing Spring embedded WebApplicationContext
2020-07-14 21:13:04.276  INFO 22904 --- [restartedMain] w.s.c.ServletWebServerApplicationContext : Root WebApplicationContext: initialization completed in 2228 ms
2020-07-14 21:13:05.093  INFO 22904 --- [restartedMain] o.s.s.concurrent.ThreadPoolTaskExecutor  : Initializing ExecutorService 'applicationTaskExecutor'
2020-07-14 21:13:05.187  INFO 22904 --- [restartedMain] o.s.b.a.w.s.WelcomePageHandlerMapping    : Adding welcome page template: index
2020-07-14 21:13:05.363  INFO 22904 --- [restartedMain] o.f.c.internal.license.VersionPrinter    : Flyway Community Edition 6.0.8 by Redgate
2020-07-14 21:13:05.456  INFO 22904 --- [restartedMain] com.zaxxer.hikari.HikariDataSource       : HikariPool-1 - Starting...
2020-07-14 21:13:06.325  INFO 22904 --- [restartedMain] com.zaxxer.hikari.HikariDataSource       : HikariPool-1 - Start completed.
2020-07-14 21:13:06.385  INFO 22904 --- [restartedMain] o.f.c.internal.database.DatabaseFactory  : Database: jdbc:mysql://localhost:3306/community (MySQL 8.0)
2020-07-14 21:13:06.492  INFO 22904 --- [restartedMain] o.f.core.internal.command.DbValidate     : Successfully validated 4 migrations (execution time 00:00.051s)
2020-07-14 21:13:06.514  INFO 22904 --- [restartedMain] o.f.core.internal.command.DbMigrate      : Current version of schema `community`: 4
2020-07-14 21:13:06.518  INFO 22904 --- [restartedMain] o.f.core.internal.command.DbMigrate      : Schema `community` is up to date. No migration necessary.
2020-07-14 21:13:06.584  INFO 22904 --- [restartedMain] o.s.s.c.ThreadPoolTaskScheduler          : Initializing ExecutorService 'taskScheduler'
2020-07-14 21:13:06.772  INFO 22904 --- [restartedMain] o.s.b.d.a.OptionalLiveReloadServer       : LiveReload server is running on port 35729
2020-07-14 21:13:06.836  INFO 22904 --- [restartedMain] o.s.b.w.embedded.tomcat.TomcatWebServer  : Tomcat started on port(s): 5200 (http) with context path ''
2020-07-14 21:13:06.856  INFO 22904 --- [restartedMain] c.itpro.community.CommunityApplication   : Started CommunityApplication in 5.995 seconds (JVM running for 7.469)
2020-07-14 21:13:10.731  INFO 22904 --- [http-nio-5200-exec-1] o.a.c.c.C.[Tomcat].[localhost].[/]       : Initializing Spring DispatcherServlet 'dispatcherServlet'
2020-07-14 21:13:10.731  INFO 22904 --- [http-nio-5200-exec-1] o.s.web.servlet.DispatcherServlet        : Initializing Servlet 'dispatcherServlet'
2020-07-14 21:13:10.738  INFO 22904 --- [http-nio-5200-exec-1] o.s.web.servlet.DispatcherServlet        : Completed initialization in 6 ms
